<?xml version="1.0" encoding="UTF-8"?>
<!-- Generated by org.testng.reporters.JUnitXMLReporter -->
<testsuite ignored="0" hostname="LAPTOP-E5JV7D1P" failures="0" tests="5" name="Default test" time="3.799" errors="0" timestamp="2021-08-19T21:22:31 IST">
  <testcase classname="PasswordManagerTests.LoginTest" name="ClickTest" time="0.198"/>
  <testcase classname="PasswordManagerTests.LoginTest" name="emptyPasswordFieldTest" time="0.283"/>
  <testcase classname="PasswordManagerTests.LoginTest" name="emptyUsernameFieldTest" time="0.277"/>
  <testcase classname="PasswordManagerTests.LoginTest" name="invalidPasswordTest" time="0.294"/>
  <testcase classname="PasswordManagerTests.LoginTest" name="invalidUsernameTest" time="0.299"/>
</testsuite> <!-- Default test -->
